This file contains any messages produced by compilers while
running configure, to aid debugging if configure makes a mistake.

It was created by configure, which was
generated by GNU Autoconf 2.63.  Invocation command line was

  $ ./configure --with-problem=cloud-3dtang --with-order=2p --enable-mpi --with-flux=hllc --with-nscalars=1 --with-gas=hydro --with-integrator=vl

## --------- ##
## Platform. ##
## --------- ##

hostname = orion.uchicago.edu
uname -m = x86_64
uname -r = 2.6.32-754.14.2.el6.x86_64
uname -s = Linux
uname -v = #1 SMP Tue May 14 19:35:42 UTC 2019

/usr/bin/uname -p = unknown
/bin/uname -X     = unknown

/bin/arch              = x86_64
/usr/bin/arch -k       = unknown
/usr/convex/getsysinfo = unknown
/usr/bin/hostinfo      = unknown
/bin/machine           = unknown
/usr/bin/oslevel       = unknown
/bin/universe          = unknown

PATH: /home/jwliang/.local/bin
PATH: /usr/lib64/qt-3.3/bin
PATH: /usr/local/bin
PATH: /bin
PATH: /usr/bin
PATH: /usr/local/sbin
PATH: /opt/pgi/linux86-64/11.3/bin
PATH: /opt/intel/composer_xe_2013_sp1/bin
PATH: /data/opt/visit/bin
PATH: /opt/visit/visit2.4.0/src/bin
PATH: /home/jwliang/bin
PATH: /home/jwliang/LOCAL_ORACLE/instantclient_11_2


## ----------- ##
## Core tests. ##
## ----------- ##

configure:1919: checking for gcc
configure:1935: found /usr/bin/gcc
configure:1946: result: gcc
configure:2178: checking for C compiler version
configure:2186: gcc --version >&5
gcc (GCC) 4.4.7 20120313 (Red Hat 4.4.7-23)
Copyright (C) 2010 Free Software Foundation, Inc.
This is free software; see the source for copying conditions.  There is NO
warranty; not even for MERCHANTABILITY or FITNESS FOR A PARTICULAR PURPOSE.

configure:2190: $? = 0
configure:2197: gcc -v >&5
Using built-in specs.
Target: x86_64-redhat-linux
Configured with: ../configure --prefix=/usr --mandir=/usr/share/man --infodir=/usr/share/info --with-bugurl=http://bugzilla.redhat.com/bugzilla --enable-bootstrap --enable-shared --enable-threads=posix --enable-checking=release --with-system-zlib --enable-__cxa_atexit --disable-libunwind-exceptions --enable-gnu-unique-object --enable-languages=c,c++,objc,obj-c++,java,fortran,ada --enable-java-awt=gtk --disable-dssi --with-java-home=/usr/lib/jvm/java-1.5.0-gcj-1.5.0.0/jre --enable-libgcj-multifile --enable-java-maintainer-mode --with-ecj-jar=/usr/share/java/eclipse-ecj.jar --disable-libjava-multilib --with-ppl --with-cloog --with-tune=generic --with-arch_32=i686 --build=x86_64-redhat-linux
Thread model: posix
gcc version 4.4.7 20120313 (Red Hat 4.4.7-23) (GCC) 
configure:2201: $? = 0
configure:2208: gcc -V >&5
gcc: '-V' option must have argument
configure:2212: $? = 1
configure:2235: checking for C compiler default output file name
configure:2257: gcc    conftest.c  >&5
configure:2261: $? = 0
configure:2299: result: a.out
configure:2318: checking whether the C compiler works
configure:2328: ./a.out
configure:2332: $? = 0
configure:2351: result: yes
configure:2358: checking whether we are cross compiling
configure:2360: result: no
configure:2363: checking for suffix of executables
configure:2370: gcc -o conftest    conftest.c  >&5
configure:2374: $? = 0
configure:2400: result: 
configure:2406: checking for suffix of object files
configure:2432: gcc -c   conftest.c >&5
configure:2436: $? = 0
configure:2461: result: o
configure:2465: checking whether we are using the GNU C compiler
configure:2494: gcc -c   conftest.c >&5
configure:2501: $? = 0
configure:2518: result: yes
configure:2527: checking whether gcc accepts -g
configure:2557: gcc -c -g  conftest.c >&5
configure:2564: $? = 0
configure:2665: result: yes
configure:2682: checking for gcc option to accept ISO C89
configure:2756: gcc  -c -g -O2  conftest.c >&5
configure:2763: $? = 0
configure:2786: result: none needed
configure:2849: checking for a BSD-compatible install
configure:2917: result: /usr/bin/install -c
configure:3644: checking how to run the C preprocessor
configure:3684: gcc -E  conftest.c
configure:3691: $? = 0
configure:3722: gcc -E  conftest.c
conftest.c:8:28: error: ac_nonexistent.h: No such file or directory
configure:3729: $? = 1
configure: failed program was:
| /* confdefs.h.  */
| #define PACKAGE_NAME ""
| #define PACKAGE_TARNAME ""
| #define PACKAGE_VERSION ""
| #define PACKAGE_STRING ""
| #define PACKAGE_BUGREPORT ""
| /* end confdefs.h.  */
| #include <ac_nonexistent.h>
configure:3762: result: gcc -E
configure:3791: gcc -E  conftest.c
configure:3798: $? = 0
configure:3829: gcc -E  conftest.c
conftest.c:8:28: error: ac_nonexistent.h: No such file or directory
configure:3836: $? = 1
configure: failed program was:
| /* confdefs.h.  */
| #define PACKAGE_NAME ""
| #define PACKAGE_TARNAME ""
| #define PACKAGE_VERSION ""
| #define PACKAGE_STRING ""
| #define PACKAGE_BUGREPORT ""
| /* end confdefs.h.  */
| #include <ac_nonexistent.h>
configure:3876: checking for grep that handles long lines and -e
configure:3936: result: /bin/grep
configure:3941: checking for egrep
configure:4005: result: /bin/grep -E
configure:4011: checking whether gcc needs -traditional
configure:4053: result: no
configure:4064: checking for strdup
configure:4120: gcc -o conftest -g -O2   conftest.c  >&5
conftest.c:31: warning: conflicting types for built-in function 'strdup'
configure:4127: $? = 0
configure:4149: result: yes
configure:4161: checking for ANSI C header files
configure:4191: gcc -c -g -O2  conftest.c >&5
configure:4198: $? = 0
configure:4297: gcc -o conftest -g -O2   conftest.c  >&5
configure:4301: $? = 0
configure:4307: ./conftest
configure:4311: $? = 0
configure:4329: result: yes
configure:4353: checking for sys/types.h
configure:4374: gcc -c -g -O2  conftest.c >&5
configure:4381: $? = 0
configure:4398: result: yes
configure:4353: checking for sys/stat.h
configure:4374: gcc -c -g -O2  conftest.c >&5
configure:4381: $? = 0
configure:4398: result: yes
configure:4353: checking for stdlib.h
configure:4374: gcc -c -g -O2  conftest.c >&5
configure:4381: $? = 0
configure:4398: result: yes
configure:4353: checking for string.h
configure:4374: gcc -c -g -O2  conftest.c >&5
configure:4381: $? = 0
configure:4398: result: yes
configure:4353: checking for memory.h
configure:4374: gcc -c -g -O2  conftest.c >&5
configure:4381: $? = 0
configure:4398: result: yes
configure:4353: checking for strings.h
configure:4374: gcc -c -g -O2  conftest.c >&5
configure:4381: $? = 0
configure:4398: result: yes
configure:4353: checking for inttypes.h
configure:4374: gcc -c -g -O2  conftest.c >&5
configure:4381: $? = 0
configure:4398: result: yes
configure:4353: checking for stdint.h
configure:4374: gcc -c -g -O2  conftest.c >&5
configure:4381: $? = 0
configure:4398: result: yes
configure:4353: checking for unistd.h
configure:4374: gcc -c -g -O2  conftest.c >&5
configure:4381: $? = 0
configure:4398: result: yes
configure:4413: checking whether byte ordering is bigendian
configure:4438: gcc -c -g -O2  conftest.c >&5
conftest.c:20: error: expected '=', ',', ';', 'asm' or '__attribute__' before 'a'
configure:4445: $? = 1
configure: failed program was:
| /* confdefs.h.  */
| #define PACKAGE_NAME ""
| #define PACKAGE_TARNAME ""
| #define PACKAGE_VERSION ""
| #define PACKAGE_STRING ""
| #define PACKAGE_BUGREPORT ""
| #define HAVE_STRDUP 1
| #define STDC_HEADERS 1
| #define HAVE_SYS_TYPES_H 1
| #define HAVE_SYS_STAT_H 1
| #define HAVE_STDLIB_H 1
| #define HAVE_STRING_H 1
| #define HAVE_MEMORY_H 1
| #define HAVE_STRINGS_H 1
| #define HAVE_INTTYPES_H 1
| #define HAVE_STDINT_H 1
| #define HAVE_UNISTD_H 1
| /* end confdefs.h.  */
| #ifndef __APPLE_CC__
| 	       not a universal capable compiler
| 	     #endif
| 	     typedef int dummy;
| 
configure:4495: gcc -c -g -O2  conftest.c >&5
configure:4502: $? = 0
configure:4534: gcc -c -g -O2  conftest.c >&5
conftest.c: In function 'main':
conftest.c:26: error: 'not' undeclared (first use in this function)
conftest.c:26: error: (Each undeclared identifier is reported only once
conftest.c:26: error: for each function it appears in.)
conftest.c:26: error: expected ';' before 'big'
configure:4541: $? = 1
configure: failed program was:
| /* confdefs.h.  */
| #define PACKAGE_NAME ""
| #define PACKAGE_TARNAME ""
| #define PACKAGE_VERSION ""
| #define PACKAGE_STRING ""
| #define PACKAGE_BUGREPORT ""
| #define HAVE_STRDUP 1
| #define STDC_HEADERS 1
| #define HAVE_SYS_TYPES_H 1
| #define HAVE_SYS_STAT_H 1
| #define HAVE_STDLIB_H 1
| #define HAVE_STRING_H 1
| #define HAVE_MEMORY_H 1
| #define HAVE_STRINGS_H 1
| #define HAVE_INTTYPES_H 1
| #define HAVE_STDINT_H 1
| #define HAVE_UNISTD_H 1
| /* end confdefs.h.  */
| #include <sys/types.h>
| 		#include <sys/param.h>
| 
| int
| main ()
| {
| #if BYTE_ORDER != BIG_ENDIAN
| 		 not big endian
| 		#endif
| 
|   ;
|   return 0;
| }
configure:4793: result: no
configure:4938: creating ./config.status

## ---------------------- ##
## Running config.status. ##
## ---------------------- ##

This file was extended by config.status, which was
generated by GNU Autoconf 2.63.  Invocation command line was

  CONFIG_FILES    = 
  CONFIG_HEADERS  = 
  CONFIG_LINKS    = 
  CONFIG_COMMANDS = 
  $ ./config.status 

on orion.uchicago.edu

config.status:773: creating Makefile
config.status:773: creating Makeoptions
config.status:773: creating src/Makefile
config.status:773: creating src/defs.h
config.status:773: creating src/fftsrc/Makefile
config.status:773: creating src/gravity/Makefile
config.status:773: creating src/integrators/Makefile
config.status:773: creating src/microphysics/Makefile
config.status:773: creating src/reconstruction/Makefile
config.status:773: creating src/rsolvers/Makefile
config.status:773: creating src/particles/Makefile
config.status:773: creating src/config.h
config.status:989: src/config.h is unchanged

## ---------------- ##
## Cache variables. ##
## ---------------- ##

ac_cv_c_bigendian=no
ac_cv_c_compiler_gnu=yes
ac_cv_env_CC_set=
ac_cv_env_CC_value=
ac_cv_env_CFLAGS_set=
ac_cv_env_CFLAGS_value=
ac_cv_env_CPPFLAGS_set=
ac_cv_env_CPPFLAGS_value=
ac_cv_env_CPP_set=
ac_cv_env_CPP_value=
ac_cv_env_LDFLAGS_set=
ac_cv_env_LDFLAGS_value=
ac_cv_env_LIBS_set=
ac_cv_env_LIBS_value=
ac_cv_env_build_alias_set=
ac_cv_env_build_alias_value=
ac_cv_env_host_alias_set=
ac_cv_env_host_alias_value=
ac_cv_env_target_alias_set=
ac_cv_env_target_alias_value=
ac_cv_func_strdup=yes
ac_cv_header_inttypes_h=yes
ac_cv_header_memory_h=yes
ac_cv_header_stdc=yes
ac_cv_header_stdint_h=yes
ac_cv_header_stdlib_h=yes
ac_cv_header_string_h=yes
ac_cv_header_strings_h=yes
ac_cv_header_sys_stat_h=yes
ac_cv_header_sys_types_h=yes
ac_cv_header_unistd_h=yes
ac_cv_objext=o
ac_cv_path_EGREP='/bin/grep -E'
ac_cv_path_GREP=/bin/grep
ac_cv_path_install='/usr/bin/install -c'
ac_cv_prog_CPP='gcc -E'
ac_cv_prog_ac_ct_CC=gcc
ac_cv_prog_cc_c89=
ac_cv_prog_cc_g=yes
ac_cv_prog_gcc_traditional=no

## ----------------- ##
## Output variables. ##
## ----------------- ##

ACCURACY='SECOND_ORDER_PRIM'
A_CONFIGURE_DATE='Sun Jun  9 11:19:03 CDT 2019'
CC='gcc'
CFLAGS='-g -O2'
COMPILER_OPTS='-O3'
CONDUCTION_MODE='NO_THERMAL_CONDUCTION'
COOLING_MODE='NO_COOLING'
COORD='CARTESIAN'
CPP='gcc -E'
CPPFLAGS=''
DEBUG_MODE='OPTIMIZE'
DEFS='-DHAVE_CONFIG_H'
ECHO_C=''
ECHO_N='-n'
ECHO_T=''
EGREP='/bin/grep -E'
EOS='ADIABATIC'
EXEEXT=''
FARGO_MODE='NO_FARGO'
FEEDBACK_DEFINE='NO_FEEDBACK'
FFT_MODE='NO_FFT'
FLUX_DEF='HLLC_FLUX'
FLUX_NAME='hllc'
FOFC_MODE='NO_FIRST_ORDER_FLUX_CORRECTION'
GAS='HYDRO'
GREP='/bin/grep'
H_CORRECTION_MODE='NO_H_CORRECTION'
INSTALL_DATA='${INSTALL} -m 644'
INSTALL_PROGRAM='${INSTALL}'
INSTALL_SCRIPT='${INSTALL}'
INTEGRATOR='vl'
INTEGRATOR_DEF='VL_INTEGRATOR'
L1_INFLOW_MODE='NO_L1_INFLOW'
LDFLAGS=''
LIBOBJS=''
LIBS=''
LTLIBOBJS=''
MESH_REFINEMENT='NO_MESH_REFINEMENT'
MPI_MODE='MPI_PARALLEL'
NSCALARS='1'
OBJEXT='o'
ORDER='2p'
PACKAGE_BUGREPORT=''
PACKAGE_NAME=''
PACKAGE_STRING=''
PACKAGE_TARNAME=''
PACKAGE_VERSION=''
PARTICLES_ALGORITHM='NO_PARTICLES'
PATH_SEPARATOR=':'
PRECISION='DOUBLE_PREC'
PROBLEM='cloud-3dtang'
RESISTIVITY_MODE='NO_RESISTIVITY'
ROTATING_FRAME_MODE='NO_ROTATING_FRAME'
SELF_GRAVITY_ALGORITHM='SELF_GRAVITY_NONE'
SELF_GRAVITY_DEFINE='NO_SELF_GRAVITY'
SHEARING_BOX_MODE='NO_SHEARING_BOX'
SHELL='/bin/sh'
SPECIAL_RELATIVITY_MODE='NEWTONIAN'
TIMESTEPPING_MODE='NO_STS'
VISCOSITY_MODE='NO_VISCOSITY'
WARNING1='WARNING! This file has been automatically generated by configure.'
WARNING2='Any changes to it will be overwritten the next time configure is run.'
WRITE_GHOST_MODE='NO_WRITE_GHOST_CELLS'
ac_ct_CC='gcc'
bindir='${exec_prefix}/bin'
build_alias=''
datadir='${datarootdir}'
datarootdir='${prefix}/share'
docdir='${datarootdir}/doc/${PACKAGE}'
dvidir='${docdir}'
exec_prefix='${prefix}'
host_alias=''
htmldir='${docdir}'
includedir='${prefix}/include'
infodir='${datarootdir}/info'
libdir='${exec_prefix}/lib'
libexecdir='${exec_prefix}/libexec'
localedir='${datarootdir}/locale'
localstatedir='${prefix}/var'
mandir='${datarootdir}/man'
oldincludedir='/usr/include'
pdfdir='${docdir}'
prefix='/usr/local'
program_transform_name='s,x,x,'
psdir='${docdir}'
sbindir='${exec_prefix}/sbin'
sharedstatedir='${prefix}/com'
sysconfdir='${prefix}/etc'
target_alias=''

## ----------- ##
## confdefs.h. ##
## ----------- ##

#define PACKAGE_NAME ""
#define PACKAGE_TARNAME ""
#define PACKAGE_VERSION ""
#define PACKAGE_STRING ""
#define PACKAGE_BUGREPORT ""
#define HAVE_STRDUP 1
#define STDC_HEADERS 1
#define HAVE_SYS_TYPES_H 1
#define HAVE_SYS_STAT_H 1
#define HAVE_STDLIB_H 1
#define HAVE_STRING_H 1
#define HAVE_MEMORY_H 1
#define HAVE_STRINGS_H 1
#define HAVE_INTTYPES_H 1
#define HAVE_STDINT_H 1
#define HAVE_UNISTD_H 1

configure: exit 0
